<?xml version="1.0" encoding="UTF-8"?>
<testng-results total="1" passed="1" failed="0" skipped="0">
  <reporter-output>
  </reporter-output>
  <suite started-at="2022-11-21T04:09:49Z" name="Suite" finished-at="2022-11-21T04:11:44Z" duration-ms="114773">
    <groups>
    </groups>
    <test started-at="2022-11-21T04:09:49Z" name="Test" finished-at="2022-11-21T04:11:44Z" duration-ms="114773">
      <class name="testcases.verifyamazon">
        <test-method is-config="true" signature="read()[pri:0, instance:testcases.verifyamazon@a4add54]" started-at="2022-11-21T09:39:49Z" name="read" finished-at="2022-11-21T09:39:57Z" duration-ms="7610" status="PASS">
          <reporter-output>
          </reporter-output>
        </test-method> <!-- read -->
        <test-method signature="testscript()[pri:0, instance:testcases.verifyamazon@a4add54]" started-at="2022-11-21T09:39:57Z" name="testscript" finished-at="2022-11-21T09:41:44Z" duration-ms="106904" status="PASS">
          <reporter-output>
          </reporter-output>
        </test-method> <!-- testscript -->
        <test-method is-config="true" signature="After()[pri:0, instance:testcases.verifyamazon@a4add54]" started-at="2022-11-21T09:41:44Z" name="After" finished-at="2022-11-21T09:41:44Z" duration-ms="234" status="PASS">
          <reporter-output>
          </reporter-output>
        </test-method> <!-- After -->
      </class> <!-- testcases.verifyamazon -->
    </test> <!-- Test -->
  </suite> <!-- Suite -->
</testng-results>
